<?xml version="1.0" encoding="UTF-8"?>
<testsuite xmlns:xsi="http://www.w3.org/2001/XMLSchema-instance" xsi:schemaLocation="https://maven.apache.org/surefire/maven-surefire-plugin/xsd/surefire-test-report.xsd" name="org.example.CowsAndBulls.dao.RoundsDatabaseDaoTest" time="0" tests="1" errors="1" skipped="0" failures="0">
  <properties>
[...]
</properties>
  <testcase name="initializationError" classname="org.example.CowsAndBulls.dao.RoundsDatabaseDaoTest" time="0">
    <error message="Invalid test class &apos;org.example.CowsAndBulls.dao.RoundsDatabaseDaoTest&apos;:&#10;  1. The class org.example.CowsAndBulls.dao.RoundsDatabaseDaoTest is not public.&#10;  2. Test class should have exactly one public constructor&#10;  3. No runnable methods" type="org.junit.runners.model.InvalidTestClassError">org.junit.runners.model.InvalidTestClassError: 
Invalid test class 'org.example.CowsAndBulls.dao.RoundsDatabaseDaoTest':
  1. The class org.example.CowsAndBulls.dao.RoundsDatabaseDaoTest is not public.
  2. Test class should have exactly one public constructor
  3. No runnable methods
</error>
  </testcase>
</testsuite>