-------------------------------------------------------------------------------
Test set: org.example.CowsAndBulls.dao.RoundsDaoTest
-------------------------------------------------------------------------------
Tests run: 1, Failures: 1, Errors: 0, Skipped: 0, Time elapsed: 0 sec <<< FAILURE! - in org.example.CowsAndBulls.dao.RoundsDaoTest
testAddGetGetAll(org.example.CowsAndBulls.dao.RoundsDaoTest)  Time elapsed: 0 sec  <<< FAILURE!
java.lang.AssertionError: expected:<2> but was:<0>
	at org.example.CowsAndBulls.dao.RoundsDaoTest.testAddGetGetAll(RoundsDaoTest.java:70)

