<?xml version="1.0" encoding="UTF-8"?>
<testsuite xmlns:xsi="http://www.w3.org/2001/XMLSchema-instance" xsi:schemaLocation="https://maven.apache.org/surefire/maven-surefire-plugin/xsd/surefire-test-report.xsd" name="org.example.CowsAndBulls.dao.GamesDatabaseDaoTest" time="7.171" tests="3" errors="2" skipped="0" failures="1">
  <properties>
[...]
</properties>
  <testcase name="testGetAllGames" classname="org.example.CowsAndBulls.dao.GamesDatabaseDaoTest" time="0.054">
    <failure message="expected:&lt;2&gt; but was:&lt;0&gt;" type="java.lang.AssertionError"><![CDATA[java.lang.AssertionError: expected:<2> but was:<0>
	at org.example.CowsAndBulls.dao.GamesDatabaseDaoTest.testGetAllGames(GamesDatabaseDaoTest.java:84)
]]></failure>
    <system-out><![CDATA[20:33:27.757 [main] DEBUG org.springframework.test.context.junit4.SpringJUnit4ClassRunner - SpringJUnit4ClassRunner constructor called with [class org.example.CowsAndBulls.dao.GamesDatabaseDaoTest]
20:33:27.767 [main] DEBUG org.springframework.test.context.BootstrapUtils - Instantiating CacheAwareContextLoaderDelegate from class [org.springframework.test.context.cache.DefaultCacheAwareContextLoaderDelegate]
20:33:27.787 [main] DEBUG org.springframework.test.context.BootstrapUtils - Instantiating BootstrapContext using constructor [public org.springframework.test.context.support.DefaultBootstrapContext(java.lang.Class,org.springframework.test.context.CacheAwareContextLoaderDelegate)]
20:33:27.826 [main] DEBUG org.springframework.test.context.BootstrapUtils - Instantiating TestContextBootstrapper for test class [org.example.CowsAndBulls.dao.GamesDatabaseDaoTest] from class [org.springframework.boot.test.context.SpringBootTestContextBootstrapper]
20:33:27.859 [main] INFO org.springframework.boot.test.context.SpringBootTestContextBootstrapper - Neither @ContextConfiguration nor @ContextHierarchy found for test class [org.example.CowsAndBulls.dao.GamesDatabaseDaoTest], using SpringBootContextLoader
20:33:27.869 [main] DEBUG org.springframework.test.context.support.AbstractContextLoader - Did not detect default resource location for test class [org.example.CowsAndBulls.dao.GamesDatabaseDaoTest]: class path resource [org/example/CowsAndBulls/dao/GamesDatabaseDaoTest-context.xml] does not exist
20:33:27.870 [main] DEBUG org.springframework.test.context.support.AbstractContextLoader - Did not detect default resource location for test class [org.example.CowsAndBulls.dao.GamesDatabaseDaoTest]: class path resource [org/example/CowsAndBulls/dao/GamesDatabaseDaoTestContext.groovy] does not exist
20:33:27.871 [main] INFO org.springframework.test.context.support.AbstractContextLoader - Could not detect default resource locations for test class [org.example.CowsAndBulls.dao.GamesDatabaseDaoTest]: no resource found for suffixes {-context.xml, Context.groovy}.
20:33:28.025 [main] DEBUG org.springframework.test.context.support.ActiveProfilesUtils - Could not find an 'annotation declaring class' for annotation type [org.springframework.test.context.ActiveProfiles] and class [org.example.CowsAndBulls.dao.GamesDatabaseDaoTest]
20:33:28.212 [main] DEBUG org.springframework.boot.test.context.SpringBootTestContextBootstrapper - @TestExecutionListeners is not present for class [org.example.CowsAndBulls.dao.GamesDatabaseDaoTest]: using defaults.
20:33:28.213 [main] INFO org.springframework.boot.test.context.SpringBootTestContextBootstrapper - Loaded default TestExecutionListener class names from location [META-INF/spring.factories]: [org.springframework.boot.test.mock.mockito.MockitoTestExecutionListener, org.springframework.boot.test.mock.mockito.ResetMocksTestExecutionListener, org.springframework.boot.test.autoconfigure.restdocs.RestDocsTestExecutionListener, org.springframework.boot.test.autoconfigure.web.client.MockRestServiceServerResetTestExecutionListener, org.springframework.boot.test.autoconfigure.web.servlet.MockMvcPrintOnlyOnFailureTestExecutionListener, org.springframework.boot.test.autoconfigure.web.servlet.WebDriverTestExecutionListener, org.springframework.test.context.web.ServletTestExecutionListener, org.springframework.test.context.support.DirtiesContextBeforeModesTestExecutionListener, org.springframework.test.context.support.DependencyInjectionTestExecutionListener, org.springframework.test.context.support.DirtiesContextTestExecutionListener, org.springframework.test.context.transaction.TransactionalTestExecutionListener, org.springframework.test.context.jdbc.SqlScriptsTestExecutionListener]
20:33:28.244 [main] INFO org.springframework.boot.test.context.SpringBootTestContextBootstrapper - Using TestExecutionListeners: [org.springframework.test.context.web.ServletTestExecutionListener@45ac5f9b, org.springframework.test.context.support.DirtiesContextBeforeModesTestExecutionListener@135606db, org.springframework.boot.test.mock.mockito.MockitoTestExecutionListener@518caac3, org.springframework.boot.test.autoconfigure.SpringBootDependencyInjectionTestExecutionListener@68034211, org.springframework.test.context.support.DirtiesContextTestExecutionListener@4f74980d, org.springframework.test.context.transaction.TransactionalTestExecutionListener@6c372fe6, org.springframework.test.context.jdbc.SqlScriptsTestExecutionListener@58594a11, org.springframework.boot.test.mock.mockito.ResetMocksTestExecutionListener@2a3888c1, org.springframework.boot.test.autoconfigure.restdocs.RestDocsTestExecutionListener@4167d97b, org.springframework.boot.test.autoconfigure.web.client.MockRestServiceServerResetTestExecutionListener@14fa86ae, org.springframework.boot.test.autoconfigure.web.servlet.MockMvcPrintOnlyOnFailureTestExecutionListener@6e15fe2, org.springframework.boot.test.autoconfigure.web.servlet.WebDriverTestExecutionListener@68f1b17f]
20:33:28.246 [main] DEBUG org.springframework.test.annotation.ProfileValueUtils - Retrieved @ProfileValueSourceConfiguration [null] for test class [org.example.CowsAndBulls.dao.GamesDatabaseDaoTest]
20:33:28.246 [main] DEBUG org.springframework.test.annotation.ProfileValueUtils - Retrieved ProfileValueSource type [class org.springframework.test.annotation.SystemProfileValueSource] for class [org.example.CowsAndBulls.dao.GamesDatabaseDaoTest]
20:33:28.247 [main] DEBUG org.springframework.test.annotation.ProfileValueUtils - Retrieved @ProfileValueSourceConfiguration [null] for test class [org.example.CowsAndBulls.dao.GamesDatabaseDaoTest]
20:33:28.247 [main] DEBUG org.springframework.test.annotation.ProfileValueUtils - Retrieved ProfileValueSource type [class org.springframework.test.annotation.SystemProfileValueSource] for class [org.example.CowsAndBulls.dao.GamesDatabaseDaoTest]
20:33:28.249 [main] DEBUG org.springframework.test.annotation.ProfileValueUtils - Retrieved @ProfileValueSourceConfiguration [null] for test class [org.example.CowsAndBulls.dao.GamesDatabaseDaoTest]
20:33:28.250 [main] DEBUG org.springframework.test.annotation.ProfileValueUtils - Retrieved ProfileValueSource type [class org.springframework.test.annotation.SystemProfileValueSource] for class [org.example.CowsAndBulls.dao.GamesDatabaseDaoTest]
20:33:28.260 [main] DEBUG org.springframework.test.context.support.AbstractDirtiesContextTestExecutionListener - Before test class: context [DefaultTestContext@5cdec700 testClass = GamesDatabaseDaoTest, testInstance = [null], testMethod = [null], testException = [null], mergedContextConfiguration = [WebMergedContextConfiguration@6d026701 testClass = GamesDatabaseDaoTest, locations = '{}', classes = '{class org.example.CowsAndBulls.TestApplicationConfiguration, class org.example.CowsAndBulls.TestApplicationConfiguration}', contextInitializerClasses = '[]', activeProfiles = '{}', propertySourceLocations = '{}', propertySourceProperties = '{org.springframework.boot.test.context.SpringBootTestContextBootstrapper=true}', contextCustomizers = set[org.springframework.boot.test.context.filter.ExcludeFilterContextCustomizer@47987356, org.springframework.boot.test.json.DuplicateJsonObjectContextCustomizerFactory$DuplicateJsonObjectContextCustomizer@3b6ddd1d, org.springframework.boot.test.mock.mockito.MockitoContextCustomizer@b676e39c, org.springframework.boot.test.web.client.TestRestTemplateContextCustomizer@1de5f259, org.springframework.boot.test.autoconfigure.properties.PropertyMappingContextCustomizer@0, org.springframework.boot.test.autoconfigure.web.servlet.WebDriverContextCustomizerFactory$Customizer@d9345cd], resourceBasePath = 'src/main/webapp', contextLoader = 'org.springframework.boot.test.context.SpringBootContextLoader', parent = [null]], attributes = map['org.springframework.test.context.web.ServletTestExecutionListener.activateListener' -> true]], class annotated with @DirtiesContext [false] with mode [null].
20:33:28.261 [main] DEBUG org.springframework.test.annotation.ProfileValueUtils - Retrieved @ProfileValueSourceConfiguration [null] for test class [org.example.CowsAndBulls.dao.GamesDatabaseDaoTest]
20:33:28.261 [main] DEBUG org.springframework.test.annotation.ProfileValueUtils - Retrieved ProfileValueSource type [class org.springframework.test.annotation.SystemProfileValueSource] for class [org.example.CowsAndBulls.dao.GamesDatabaseDaoTest]
20:33:28.309 [main] DEBUG org.springframework.test.context.support.TestPropertySourceUtils - Adding inlined properties to environment: {spring.jmx.enabled=false, org.springframework.boot.test.context.SpringBootTestContextBootstrapper=true, server.port=-1}

  .   ____          _            __ _ _
 /\\ / ___'_ __ _ _(_)_ __  __ _ \ \ \ \
( ( )\___ | '_ | '_| | '_ \/ _` | \ \ \ \
 \\/  ___)| |_)| | | | | || (_| |  ) ) ) )
  '  |____| .__|_| |_|_| |_\__, | / / / /
 =========|_|==============|___/=/_/_/_/
 :: Spring Boot ::        (v2.1.0.RELEASE)

]]></system-out>
  </testcase>
  <testcase name="testUpdateGame" classname="org.example.CowsAndBulls.dao.GamesDatabaseDaoTest" time="0.004">
    <error type="java.lang.NullPointerException">java.lang.NullPointerException
	at org.example.CowsAndBulls.dao.GamesDatabaseDaoTest.testUpdateGame(GamesDatabaseDaoTest.java:102)
</error>
  </testcase>
  <testcase name="testAddGetGame" classname="org.example.CowsAndBulls.dao.GamesDatabaseDaoTest" time="0.003">
    <error type="java.lang.NullPointerException">java.lang.NullPointerException
	at org.example.CowsAndBulls.dao.GamesDatabaseDaoTest.testAddGetGame(GamesDatabaseDaoTest.java:66)
</error>
  </testcase>
</testsuite>